<?xml version="1.0" encoding="UTF-8"?>
<!-- Generated by org.testng.reporters.JUnitReportReporter -->
<testsuite hostname="IPS-JBISWA1J1YR" name="practice.ReadWriteExcel" tests="3" failures="0" timestamp="24 Mar 2017 17:14:06 GMT" time="0.016" errors="0">
  <testcase name="getData" time="0.000" classname="practice.ReadWriteExcel"/>
  <testcase name="getData" time="0.016" classname="practice.ReadWriteExcel"/>
  <testcase name="getData" time="0.000" classname="practice.ReadWriteExcel"/>
</testsuite> <!-- practice.ReadWriteExcel -->
